<?xml version="1.0" encoding="UTF-8"?>
<!-- Generated by org.testng.reporters.JUnitReportReporter -->
<testsuite skipped="0" hostname="DESKTOP-BRPS72H" name="scripts.VerifyProfileUpdate" tests="1" failures="0" timestamp="25 Jun 2020 03:48:43 GMT" time="39.898" errors="0">
  <testcase name="testUpdateCV" time="39.898" classname="scripts.VerifyProfileUpdate"/>
</testsuite> <!-- scripts.VerifyProfileUpdate -->
