<?xml version="1.0" encoding="UTF-8"?>
<!-- Generated by org.testng.reporters.JUnitReportReporter -->
<testsuite skipped="0" hostname="DESKTOP-BRPS72H" name="scripts.VerifyLogin" tests="1" failures="0" timestamp="18 Jun 2020 02:10:37 GMT" time="17.558" errors="0">
  <testcase name="testLogin" time="17.558" classname="scripts.VerifyLogin"/>
</testsuite> <!-- scripts.VerifyLogin -->
