<?xml version="1.0" encoding="UTF-8"?>
<!-- Generated by org.testng.reporters.JUnitReportReporter -->
<testsuite skipped="0" hostname="DESKTOP-BRPS72H" name="scripts.VerifyMonster" tests="1" failures="0" timestamp="21 Jun 2020 13:57:49 GMT" time="22.737" errors="0">
  <testcase name="testMonsterIndia" time="22.737" classname="scripts.VerifyMonster"/>
</testsuite> <!-- scripts.VerifyMonster -->
