<?xml version="1.0" encoding="UTF-8"?>
<!-- Generated by org.testng.reporters.JUnitReportReporter -->
<testsuite skipped="0" hostname="DESKTOP-BRPS72H" name="scripts.verifySendEmailHR" tests="1" failures="0" timestamp="01 Jul 2020 07:12:41 GMT" time="15.213" errors="0">
  <testcase name="testSendHrEmail" time="15.213" classname="scripts.verifySendEmailHR"/>
</testsuite> <!-- scripts.verifySendEmailHR -->
