<?xml version="1.0" encoding="UTF-8"?>
<!-- Generated by org.testng.reporters.JUnitReportReporter -->
<testsuite skipped="0" hostname="DESKTOP-BRPS72H" name="scripts.VerifyNaukri" tests="1" failures="0" timestamp="02 Jul 2020 15:40:15 GMT" time="48.308" errors="0">
  <testcase name="testNaukri" time="48.308" classname="scripts.VerifyNaukri"/>
</testsuite> <!-- scripts.VerifyNaukri -->
