<?xml version="1.0" encoding="UTF-8"?>
<!-- Generated by org.testng.reporters.JUnitReportReporter -->
<testsuite skipped="0" hostname="DESKTOP-BRPS72H" name="scripts.Rough" tests="1" failures="0" timestamp="25 Jun 2020 15:02:55 GMT" time="0.060" errors="0">
  <testcase name="rough" time="0.060" classname="scripts.Rough"/>
</testsuite> <!-- scripts.Rough -->
