<?xml version="1.0" encoding="UTF-8"?>
<!-- Generated by org.testng.reporters.JUnitReportReporter -->
<testsuite skipped="0" hostname="DESKTOP-BRPS72H" name="scripts.Rough" tests="1" failures="0" timestamp="30 Jun 2020 12:25:54 GMT" time="0.083" errors="0">
  <testcase name="rough" time="0.083" classname="scripts.Rough"/>
</testsuite> <!-- scripts.Rough -->
