<?xml version="1.0" encoding="UTF-8"?>
<!-- Generated by org.testng.reporters.JUnitReportReporter -->
<testsuite skipped="0" hostname="DESKTOP-BRPS72H" name="scripts.VerifyMonster" tests="1" failures="0" timestamp="02 Jul 2020 15:40:15 GMT" time="44.231" errors="0">
  <testcase name="testMonsterIndia" time="44.231" classname="scripts.VerifyMonster"/>
</testsuite> <!-- scripts.VerifyMonster -->
