<?xml version="1.0" encoding="UTF-8"?>
<!-- Generated by org.testng.reporters.JUnitReportReporter -->
<testsuite skipped="0" hostname="DESKTOP-BRPS72H" name="scripts.VerifyTimesJobs" tests="1" failures="0" timestamp="02 Jul 2020 15:40:15 GMT" time="55.223" errors="0">
  <testcase name="testTimesJobs" time="55.223" classname="scripts.VerifyTimesJobs"/>
</testsuite> <!-- scripts.VerifyTimesJobs -->
